<?xml version="1.0" encoding="UTF-8"?>
<testsuite xmlns:xsi="http://www.w3.org/2001/XMLSchema-instance" xsi:noNamespaceSchemaLocation="https://maven.apache.org/surefire/maven-surefire-plugin/xsd/surefire-test-report-3.0.xsd" version="3.0" name="runner.RunCucumberTest" time="95.964" tests="197" errors="2" skipped="3" failures="0">
  <properties>
[...]
</properties>
  <testcase name="Given User is logged in" classname="Scenario: User can remove a product from cart" time="0.001">
    <system-err><![CDATA[Starting ChromeDriver 113.0.5672.63 (0e1a4471d5ae5bf128b1bd8f4d627c8cbd55f70c-refs/branch-heads/5672@{#912}) on port 15940
Only local connections are allowed.
Please see https://chromedriver.chromium.org/security-considerations for suggestions on keeping ChromeDriver safe.
ChromeDriver was started successfully.
mai 11, 2023 4:46:58 PM org.openqa.selenium.remote.ProtocolHandshake createSession
INFORMAÇÕES: Detected dialect: W3C
]]></system-err>
  </testcase>
  <testcase name="And The user click to add some products to your cart" classname="Scenario: User can remove a product from cart" time="0"/>
  <testcase name="And The user click in cart icon" classname="Scenario: User can remove a product from cart" time="0"/>
  <testcase name="When The user remove one product from cart" classname="Scenario: User can remove a product from cart" time="0"/>
  <testcase name="Then The user can see the current amount of products in the cart" classname="Scenario: User can remove a product from cart" time="0"/>
  <testcase name="" classname="Scenario: User can remove a product from cart" time="0"/>
  <testcase name="Given User is logged in" classname="Scenario: User can remove some products from cart" time="0">
    <system-err><![CDATA[Starting ChromeDriver 113.0.5672.63 (0e1a4471d5ae5bf128b1bd8f4d627c8cbd55f70c-refs/branch-heads/5672@{#912}) on port 4455
Only local connections are allowed.
Please see https://chromedriver.chromium.org/security-considerations for suggestions on keeping ChromeDriver safe.
ChromeDriver was started successfully.
mai 11, 2023 4:47:02 PM org.openqa.selenium.remote.ProtocolHandshake createSession
INFORMAÇÕES: Detected dialect: W3C
]]></system-err>
  </testcase>
  <testcase name="And The user click to add all products to your cart" classname="Scenario: User can remove some products from cart" time="0"/>
  <testcase name="And The user click in cart icon" classname="Scenario: User can remove some products from cart" time="0"/>
  <testcase name="When The user remove some product from cart" classname="Scenario: User can remove some products from cart" time="0"/>
  <testcase name="Then The user can see the current amount of products in the cart" classname="Scenario: User can remove some products from cart" time="0"/>
  <testcase name="" classname="Scenario: User can remove some products from cart" time="0"/>
  <testcase name="Given User is logged in" classname="Scenario: User can continue the shopping" time="0">
    <system-err><![CDATA[Starting ChromeDriver 113.0.5672.63 (0e1a4471d5ae5bf128b1bd8f4d627c8cbd55f70c-refs/branch-heads/5672@{#912}) on port 32726
Only local connections are allowed.
Please see https://chromedriver.chromium.org/security-considerations for suggestions on keeping ChromeDriver safe.
ChromeDriver was started successfully.
mai 11, 2023 4:47:06 PM org.openqa.selenium.remote.ProtocolHandshake createSession
INFORMAÇÕES: Detected dialect: W3C
]]></system-err>
  </testcase>
  <testcase name="And The user click to add all products to your cart" classname="Scenario: User can continue the shopping" time="0"/>
  <testcase name="And The user click in cart icon" classname="Scenario: User can continue the shopping" time="0"/>
  <testcase name="And The user click in cart icon" classname="Scenario: User can continue the shopping" time="0"/>
  <testcase name="When User click on continue shopping" classname="Scenario: User can continue the shopping" time="0"/>
  <testcase name="And The user click to remove all products" classname="Scenario: User can continue the shopping" time="0"/>
  <testcase name="And The user click to add some products to your cart" classname="Scenario: User can continue the shopping" time="0.001"/>
  <testcase name="Then The user can see the current amount of products in the cart" classname="Scenario: User can continue the shopping" time="0"/>
  <testcase name="" classname="Scenario: User can continue the shopping" time="0"/>
  <testcase name="Given User is logged in" classname="Scenario: Input user info" time="0">
    <system-err><![CDATA[Starting ChromeDriver 113.0.5672.63 (0e1a4471d5ae5bf128b1bd8f4d627c8cbd55f70c-refs/branch-heads/5672@{#912}) on port 25428
Only local connections are allowed.
Please see https://chromedriver.chromium.org/security-considerations for suggestions on keeping ChromeDriver safe.
ChromeDriver was started successfully.
mai 11, 2023 4:47:10 PM org.openqa.selenium.remote.ProtocolHandshake createSession
INFORMAÇÕES: Detected dialect: W3C
]]></system-err>
  </testcase>
  <testcase name="And The user click to add some products to your cart" classname="Scenario: Input user info" time="0"/>
  <testcase name="And The user click in cart icon" classname="Scenario: Input user info" time="0"/>
  <testcase name="When Click on checkout button" classname="Scenario: Input user info" time="0"/>
  <testcase name="And The user enters your first name" classname="Scenario: Input user info" time="0"/>
  <testcase name="And The user enters your last name" classname="Scenario: Input user info" time="0"/>
  <testcase name="And The user enters your postal code" classname="Scenario: Input user info" time="0"/>
  <testcase name="And Click on continue button" classname="Scenario: Input user info" time="0"/>
  <testcase name="Then User can see the purchase order" classname="Scenario: Input user info" time="0"/>
  <testcase name="" classname="Scenario: Input user info" time="0"/>
  <testcase name="Given User is logged in" classname="Scenario: User info empty - First Name" time="0">
    <system-err><![CDATA[Starting ChromeDriver 113.0.5672.63 (0e1a4471d5ae5bf128b1bd8f4d627c8cbd55f70c-refs/branch-heads/5672@{#912}) on port 33743
Only local connections are allowed.
Please see https://chromedriver.chromium.org/security-considerations for suggestions on keeping ChromeDriver safe.
ChromeDriver was started successfully.
mai 11, 2023 4:47:13 PM org.openqa.selenium.remote.ProtocolHandshake createSession
INFORMAÇÕES: Detected dialect: W3C
]]></system-err>
  </testcase>
  <testcase name="And The user click to add some products to your cart" classname="Scenario: User info empty - First Name" time="0"/>
  <testcase name="And The user click in cart icon" classname="Scenario: User info empty - First Name" time="0"/>
  <testcase name="When Click on checkout button" classname="Scenario: User info empty - First Name" time="0"/>
  <testcase name="And Click on continue button" classname="Scenario: User info empty - First Name" time="0"/>
  <testcase name="Then user should get error message &quot;Error: First Name is required&quot;" classname="Scenario: User info empty - First Name" time="0"/>
  <testcase name="" classname="Scenario: User info empty - First Name" time="0.001"/>
  <testcase name="Given User is logged in" classname="Scenario: User info empty - Last Name" time="0">
    <system-err><![CDATA[Starting ChromeDriver 113.0.5672.63 (0e1a4471d5ae5bf128b1bd8f4d627c8cbd55f70c-refs/branch-heads/5672@{#912}) on port 12220
Only local connections are allowed.
Please see https://chromedriver.chromium.org/security-considerations for suggestions on keeping ChromeDriver safe.
ChromeDriver was started successfully.
mai 11, 2023 4:47:17 PM org.openqa.selenium.remote.ProtocolHandshake createSession
INFORMAÇÕES: Detected dialect: W3C
]]></system-err>
  </testcase>
  <testcase name="And The user click to add some products to your cart" classname="Scenario: User info empty - Last Name" time="0"/>
  <testcase name="And The user click in cart icon" classname="Scenario: User info empty - Last Name" time="0"/>
  <testcase name="When Click on checkout button" classname="Scenario: User info empty - Last Name" time="0"/>
  <testcase name="And The user enters your first name" classname="Scenario: User info empty - Last Name" time="0"/>
  <testcase name="And Click on continue button" classname="Scenario: User info empty - Last Name" time="0"/>
  <testcase name="Then user should get error message &quot;Error: Last Name is required&quot;" classname="Scenario: User info empty - Last Name" time="0"/>
  <testcase name="" classname="Scenario: User info empty - Last Name" time="0"/>
  <testcase name="Given User is logged in" classname="Scenario: User info empty - Zip Postal" time="0">
    <system-err><![CDATA[Starting ChromeDriver 113.0.5672.63 (0e1a4471d5ae5bf128b1bd8f4d627c8cbd55f70c-refs/branch-heads/5672@{#912}) on port 34930
Only local connections are allowed.
Please see https://chromedriver.chromium.org/security-considerations for suggestions on keeping ChromeDriver safe.
ChromeDriver was started successfully.
mai 11, 2023 4:47:20 PM org.openqa.selenium.remote.ProtocolHandshake createSession
INFORMAÇÕES: Detected dialect: W3C
]]></system-err>
  </testcase>
  <testcase name="And The user click to add some products to your cart" classname="Scenario: User info empty - Zip Postal" time="0"/>
  <testcase name="And The user click in cart icon" classname="Scenario: User info empty - Zip Postal" time="0"/>
  <testcase name="When Click on checkout button" classname="Scenario: User info empty - Zip Postal" time="0"/>
  <testcase name="And The user enters your first name" classname="Scenario: User info empty - Zip Postal" time="0"/>
  <testcase name="And The user enters your last name" classname="Scenario: User info empty - Zip Postal" time="0"/>
  <testcase name="And Click on continue button" classname="Scenario: User info empty - Zip Postal" time="0"/>
  <testcase name="Then user should get error message &quot;Error: Postal Code is required&quot;" classname="Scenario: User info empty - Zip Postal" time="0"/>
  <testcase name="" classname="Scenario: User info empty - Zip Postal" time="0"/>
  <testcase name="Given User is logged in" classname="Scenario: User can cancel order" time="0">
    <system-err><![CDATA[Starting ChromeDriver 113.0.5672.63 (0e1a4471d5ae5bf128b1bd8f4d627c8cbd55f70c-refs/branch-heads/5672@{#912}) on port 30153
Only local connections are allowed.
Please see https://chromedriver.chromium.org/security-considerations for suggestions on keeping ChromeDriver safe.
ChromeDriver was started successfully.
mai 11, 2023 4:47:23 PM org.openqa.selenium.remote.ProtocolHandshake createSession
INFORMAÇÕES: Detected dialect: W3C
]]></system-err>
  </testcase>
  <testcase name="Given User is logged in" classname="Scenario: User can cancel order" time="0">
    <system-err><![CDATA[Starting ChromeDriver 113.0.5672.63 (0e1a4471d5ae5bf128b1bd8f4d627c8cbd55f70c-refs/branch-heads/5672@{#912}) on port 6494
Only local connections are allowed.
Please see https://chromedriver.chromium.org/security-considerations for suggestions on keeping ChromeDriver safe.
ChromeDriver was started successfully.
mai 11, 2023 4:48:01 PM org.openqa.selenium.remote.ProtocolHandshake createSession
INFORMAÇÕES: Detected dialect: W3C
]]></system-err>
  </testcase>
  <testcase name="And The user click to add some products to your cart" classname="Scenario: User can cancel order" time="0"/>
  <testcase name="And The user click to add some products to your cart" classname="Scenario: User can cancel order" time="0"/>
  <testcase name="And The user click in cart icon" classname="Scenario: User can cancel order" time="0.001"/>
  <testcase name="And The user click in cart icon" classname="Scenario: User can cancel order" time="0"/>
  <testcase name="When Click on checkout button" classname="Scenario: User can cancel order" time="0"/>
  <testcase name="When Click on checkout button" classname="Scenario: User can cancel order" time="0"/>
  <testcase name="And Click on cancel button" classname="Scenario: User can cancel order" time="0"/>
  <testcase name="And Click on cancel button" classname="Scenario: User can cancel order" time="0"/>
  <testcase name="Then The user see all products in the cart" classname="Scenario: User can cancel order" time="0">
    <skipped/>
  </testcase>
  <testcase name="" classname="Scenario: User can cancel order" time="0">
    <skipped/>
  </testcase>
  <testcase name="" classname="Scenario: User can cancel order" time="0.003"/>
  <testcase name="" classname="Scenario: User can cancel order" time="0"/>
  <testcase name="Then The user can see the products page" classname="Scenario: User can cancel order" time="0"/>
  <testcase name="Given User is logged in" classname="Scenario: More information about the product" time="0">
    <system-err><![CDATA[Starting ChromeDriver 113.0.5672.63 (0e1a4471d5ae5bf128b1bd8f4d627c8cbd55f70c-refs/branch-heads/5672@{#912}) on port 28429
Only local connections are allowed.
Please see https://chromedriver.chromium.org/security-considerations for suggestions on keeping ChromeDriver safe.
ChromeDriver was started successfully.
mai 11, 2023 4:47:27 PM org.openqa.selenium.remote.ProtocolHandshake createSession
INFORMAÇÕES: Detected dialect: W3C
]]></system-err>
  </testcase>
  <testcase name="When The user click on some product" classname="Scenario: More information about the product" time="0"/>
  <testcase name="Then The user can see the product info" classname="Scenario: More information about the product" time="0"/>
  <testcase name="And check the product name" classname="Scenario: More information about the product" time="0"/>
  <testcase name="And check the product price" classname="Scenario: More information about the product" time="0"/>
  <testcase name="" classname="Scenario: More information about the product" time="0"/>
  <testcase name="Given User is logged in" classname="Scenario: Add product to a cart" time="0">
    <system-err><![CDATA[Starting ChromeDriver 113.0.5672.63 (0e1a4471d5ae5bf128b1bd8f4d627c8cbd55f70c-refs/branch-heads/5672@{#912}) on port 33691
Only local connections are allowed.
Please see https://chromedriver.chromium.org/security-considerations for suggestions on keeping ChromeDriver safe.
ChromeDriver was started successfully.
mai 11, 2023 4:47:30 PM org.openqa.selenium.remote.ProtocolHandshake createSession
INFORMAÇÕES: Detected dialect: W3C
]]></system-err>
  </testcase>
  <testcase name="And The user click on some product" classname="Scenario: Add product to a cart" time="0"/>
  <testcase name="When The user click to add the product to your cart" classname="Scenario: Add product to a cart" time="0"/>
  <testcase name="And The user click to back the products page" classname="Scenario: Add product to a cart" time="0"/>
  <testcase name="Then The user can see the products page" classname="Scenario: Add product to a cart" time="0"/>
  <testcase name="And The user can see the current amount of products added in the cart icon" classname="Scenario: Add product to a cart" time="0"/>
  <testcase name="And The user click to remove all products" classname="Scenario: Add product to a cart" time="0"/>
  <testcase name="" classname="Scenario: Add product to a cart" time="0.001"/>
  <testcase name="Given User is logged in" classname="Scenario: Add product in inventory page and remove from info page" time="0">
    <system-err><![CDATA[Starting ChromeDriver 113.0.5672.63 (0e1a4471d5ae5bf128b1bd8f4d627c8cbd55f70c-refs/branch-heads/5672@{#912}) on port 40817
Only local connections are allowed.
Please see https://chromedriver.chromium.org/security-considerations for suggestions on keeping ChromeDriver safe.
ChromeDriver was started successfully.
mai 11, 2023 4:47:33 PM org.openqa.selenium.remote.ProtocolHandshake createSession
INFORMAÇÕES: Detected dialect: W3C
]]></system-err>
  </testcase>
  <testcase name="And The user click on add one product to cart" classname="Scenario: Add product in inventory page and remove from info page" time="0"/>
  <testcase name="And The user click on the same product" classname="Scenario: Add product in inventory page and remove from info page" time="0"/>
  <testcase name="When The user click to remove the product" classname="Scenario: Add product in inventory page and remove from info page" time="0"/>
  <testcase name="Then The user can see the current amount of products added in the cart icon" classname="Scenario: Add product in inventory page and remove from info page" time="0"/>
  <testcase name="" classname="Scenario: Add product in inventory page and remove from info page" time="0.001"/>
  <testcase name="Given User is logged in" classname="Scenario: Back to product page" time="0">
    <system-err><![CDATA[Starting ChromeDriver 113.0.5672.63 (0e1a4471d5ae5bf128b1bd8f4d627c8cbd55f70c-refs/branch-heads/5672@{#912}) on port 9273
Only local connections are allowed.
Please see https://chromedriver.chromium.org/security-considerations for suggestions on keeping ChromeDriver safe.
ChromeDriver was started successfully.
mai 11, 2023 4:47:36 PM org.openqa.selenium.remote.ProtocolHandshake createSession
INFORMAÇÕES: Detected dialect: W3C
]]></system-err>
  </testcase>
  <testcase name="And The user click on some product" classname="Scenario: Back to product page" time="0"/>
  <testcase name="When The user click to back the products page" classname="Scenario: Back to product page" time="0"/>
  <testcase name="Then The user can see the products page" classname="Scenario: Back to product page" time="0"/>
  <testcase name="" classname="Scenario: Back to product page" time="0.001"/>
  <testcase name="Given the user is on login page" classname="Scenario: Login success" time="0">
    <system-err><![CDATA[Starting ChromeDriver 113.0.5672.63 (0e1a4471d5ae5bf128b1bd8f4d627c8cbd55f70c-refs/branch-heads/5672@{#912}) on port 31714
Only local connections are allowed.
Please see https://chromedriver.chromium.org/security-considerations for suggestions on keeping ChromeDriver safe.
ChromeDriver was started successfully.
mai 11, 2023 4:47:40 PM org.openqa.selenium.remote.ProtocolHandshake createSession
INFORMAÇÕES: Detected dialect: W3C
]]></system-err>
  </testcase>
  <testcase name="And the user enters valid username &quot;standard_user&quot;" classname="Scenario: Login success" time="0.001"/>
  <testcase name="And the user enters valid password &quot;secret_sauce&quot;" classname="Scenario: Login success" time="0"/>
  <testcase name="When click on login button" classname="Scenario: Login success" time="0"/>
  <testcase name="Then the user should be redirected to the products page" classname="Scenario: Login success" time="0"/>
  <testcase name="" classname="Scenario: Login success" time="0.001"/>
  <testcase name="Given the user is on login page" classname="Scenario: Login with user info empty" time="0">
    <system-err><![CDATA[Starting ChromeDriver 113.0.5672.63 (0e1a4471d5ae5bf128b1bd8f4d627c8cbd55f70c-refs/branch-heads/5672@{#912}) on port 12330
Only local connections are allowed.
Please see https://chromedriver.chromium.org/security-considerations for suggestions on keeping ChromeDriver safe.
ChromeDriver was started successfully.
mai 11, 2023 4:47:42 PM org.openqa.selenium.remote.ProtocolHandshake createSession
INFORMAÇÕES: Detected dialect: W3C
]]></system-err>
  </testcase>
  <testcase name="When click on login button" classname="Scenario: Login with user info empty" time="0"/>
  <testcase name="Then user should get error message &quot;Epic sadface: Username is required&quot;" classname="Scenario: Login with user info empty" time="0"/>
  <testcase name="" classname="Scenario: Login with user info empty" time="0"/>
  <testcase name="Given the user is on login page" classname="Scenario: Login with username empty" time="0">
    <system-err><![CDATA[Starting ChromeDriver 113.0.5672.63 (0e1a4471d5ae5bf128b1bd8f4d627c8cbd55f70c-refs/branch-heads/5672@{#912}) on port 45078
Only local connections are allowed.
Please see https://chromedriver.chromium.org/security-considerations for suggestions on keeping ChromeDriver safe.
ChromeDriver was started successfully.
mai 11, 2023 4:47:45 PM org.openqa.selenium.remote.ProtocolHandshake createSession
INFORMAÇÕES: Detected dialect: W3C
]]></system-err>
  </testcase>
  <testcase name="And the user enters valid password &quot;secret_sauce&quot;" classname="Scenario: Login with username empty" time="0"/>
  <testcase name="When click on login button" classname="Scenario: Login with username empty" time="0"/>
  <testcase name="Then user should get error message &quot;Epic sadface: Username is required&quot;" classname="Scenario: Login with username empty" time="0"/>
  <testcase name="" classname="Scenario: Login with username empty" time="0"/>
  <testcase name="Given the user is on login page" classname="Scenario: Login with password empty" time="0">
    <system-err><![CDATA[Starting ChromeDriver 113.0.5672.63 (0e1a4471d5ae5bf128b1bd8f4d627c8cbd55f70c-refs/branch-heads/5672@{#912}) on port 46935
Only local connections are allowed.
Please see https://chromedriver.chromium.org/security-considerations for suggestions on keeping ChromeDriver safe.
ChromeDriver was started successfully.
mai 11, 2023 4:47:48 PM org.openqa.selenium.remote.ProtocolHandshake createSession
INFORMAÇÕES: Detected dialect: W3C
]]></system-err>
  </testcase>
  <testcase name="And the user enters valid username &quot;standard_user&quot;" classname="Scenario: Login with password empty" time="0"/>
  <testcase name="When click on login button" classname="Scenario: Login with password empty" time="0"/>
  <testcase name="Then user should get error message &quot;Epic sadface: Password is required&quot;" classname="Scenario: Login with password empty" time="0"/>
  <testcase name="" classname="Scenario: Login with password empty" time="0"/>
  <testcase name="Given the user is on login page" classname="Scenario: Login with invalid user info" time="0">
    <system-err><![CDATA[Starting ChromeDriver 113.0.5672.63 (0e1a4471d5ae5bf128b1bd8f4d627c8cbd55f70c-refs/branch-heads/5672@{#912}) on port 34335
Only local connections are allowed.
Please see https://chromedriver.chromium.org/security-considerations for suggestions on keeping ChromeDriver safe.
ChromeDriver was started successfully.
mai 11, 2023 4:47:50 PM org.openqa.selenium.remote.ProtocolHandshake createSession
INFORMAÇÕES: Detected dialect: W3C
]]></system-err>
  </testcase>
  <testcase name="And the user enters invalid username &quot;Cris_user&quot;" classname="Scenario: Login with invalid user info" time="0"/>
  <testcase name="And the user enters invalid password &quot;secret_password&quot;" classname="Scenario: Login with invalid user info" time="0"/>
  <testcase name="When click on login button" classname="Scenario: Login with invalid user info" time="0"/>
  <testcase name="Then user should get error message &quot;Epic sadface: Username and password do not match any user in this service&quot;" classname="Scenario: Login with invalid user info" time="0"/>
  <testcase name="" classname="Scenario: Login with invalid user info" time="0.001"/>
  <testcase name="Given User is logged in" classname="Scenario: The user can see items total price" time="0">
    <system-err><![CDATA[Starting ChromeDriver 113.0.5672.63 (0e1a4471d5ae5bf128b1bd8f4d627c8cbd55f70c-refs/branch-heads/5672@{#912}) on port 10601
Only local connections are allowed.
Please see https://chromedriver.chromium.org/security-considerations for suggestions on keeping ChromeDriver safe.
ChromeDriver was started successfully.
mai 11, 2023 4:47:53 PM org.openqa.selenium.remote.ProtocolHandshake createSession
INFORMAÇÕES: Detected dialect: W3C
]]></system-err>
  </testcase>
  <testcase name="Given User is logged in" classname="Scenario: The user can see items total price" time="0">
    <system-err><![CDATA[Starting ChromeDriver 113.0.5672.63 (0e1a4471d5ae5bf128b1bd8f4d627c8cbd55f70c-refs/branch-heads/5672@{#912}) on port 26177
Only local connections are allowed.
Please see https://chromedriver.chromium.org/security-considerations for suggestions on keeping ChromeDriver safe.
ChromeDriver was started successfully.
mai 11, 2023 4:47:57 PM org.openqa.selenium.remote.ProtocolHandshake createSession
INFORMAÇÕES: Detected dialect: W3C
]]></system-err>
  </testcase>
  <testcase name="And The user click to add some products to your cart" classname="Scenario: The user can see items total price" time="0"/>
  <testcase name="And The user click to add some products to your cart" classname="Scenario: The user can see items total price" time="0"/>
  <testcase name="And The user click in cart icon" classname="Scenario: The user can see items total price" time="0"/>
  <testcase name="And The user click in cart icon" classname="Scenario: The user can see items total price" time="0"/>
  <testcase name="When Click on checkout button" classname="Scenario: The user can see items total price" time="0"/>
  <testcase name="When Click on checkout button" classname="Scenario: The user can see items total price" time="0"/>
  <testcase name="And The user enters your first name" classname="Scenario: The user can see items total price" time="0"/>
  <testcase name="And The user enters your first name" classname="Scenario: The user can see items total price" time="0"/>
  <testcase name="And The user enters your last name" classname="Scenario: The user can see items total price" time="0"/>
  <testcase name="And The user enters your last name" classname="Scenario: The user can see items total price" time="0"/>
  <testcase name="And The user enters your postal code" classname="Scenario: The user can see items total price" time="0"/>
  <testcase name="And The user enters your postal code" classname="Scenario: The user can see items total price" time="0"/>
  <testcase name="And Click on continue button" classname="Scenario: The user can see items total price" time="0"/>
  <testcase name="And Click on continue button" classname="Scenario: The user can see items total price" time="0"/>
  <testcase name="And User can see the purchase order" classname="Scenario: The user can see items total price" time="0"/>
  <testcase name="And User can see the purchase order" classname="Scenario: The user can see items total price" time="0"/>
  <testcase name="Then user can see the item total price" classname="Scenario: The user can see items total price" time="0"/>
  <testcase name="" classname="Scenario: The user can see items total price" time="0.001"/>
  <testcase name="" classname="Scenario: The user can see items total price" time="0"/>
  <testcase name="Then user can see the total price" classname="Scenario: The user can see items total price" time="0"/>
  <testcase name="Given User is logged in" classname="Scenario: The user can finish the order" time="0">
    <system-err><![CDATA[Starting ChromeDriver 113.0.5672.63 (0e1a4471d5ae5bf128b1bd8f4d627c8cbd55f70c-refs/branch-heads/5672@{#912}) on port 10698
Only local connections are allowed.
Please see https://chromedriver.chromium.org/security-considerations for suggestions on keeping ChromeDriver safe.
ChromeDriver was started successfully.
mai 11, 2023 4:48:04 PM org.openqa.selenium.remote.ProtocolHandshake createSession
INFORMAÇÕES: Detected dialect: W3C
]]></system-err>
  </testcase>
  <testcase name="And The user click to add some products to your cart" classname="Scenario: The user can finish the order" time="0"/>
  <testcase name="And The user click in cart icon" classname="Scenario: The user can finish the order" time="0"/>
  <testcase name="When Click on checkout button" classname="Scenario: The user can finish the order" time="0"/>
  <testcase name="And The user enters your first name" classname="Scenario: The user can finish the order" time="0"/>
  <testcase name="And The user enters your last name" classname="Scenario: The user can finish the order" time="0"/>
  <testcase name="And The user enters your postal code" classname="Scenario: The user can finish the order" time="0"/>
  <testcase name="And Click on continue button" classname="Scenario: The user can finish the order" time="0"/>
  <testcase name="And User can see the purchase order" classname="Scenario: The user can finish the order" time="0"/>
  <testcase name="Then User can finished your order" classname="Scenario: The user can finish the order" time="0"/>
  <testcase name="And user should get success message &quot;Thank you for your order!&quot;" classname="Scenario: The user can finish the order" time="0"/>
  <testcase name="" classname="Scenario: The user can finish the order" time="0"/>
  <testcase name="Given User is logged in" classname="Scenario: order display of products" time="0">
    <system-err><![CDATA[Starting ChromeDriver 113.0.5672.63 (0e1a4471d5ae5bf128b1bd8f4d627c8cbd55f70c-refs/branch-heads/5672@{#912}) on port 1426
Only local connections are allowed.
Please see https://chromedriver.chromium.org/security-considerations for suggestions on keeping ChromeDriver safe.
ChromeDriver was started successfully.
mai 11, 2023 4:48:07 PM org.openqa.selenium.remote.ProtocolHandshake createSession
INFORMAÇÕES: Detected dialect: W3C
]]></system-err>
  </testcase>
  <testcase name="Given User is logged in" classname="Scenario: order display of products" time="0">
    <system-err><![CDATA[Starting ChromeDriver 113.0.5672.63 (0e1a4471d5ae5bf128b1bd8f4d627c8cbd55f70c-refs/branch-heads/5672@{#912}) on port 24165
Only local connections are allowed.
Please see https://chromedriver.chromium.org/security-considerations for suggestions on keeping ChromeDriver safe.
ChromeDriver was started successfully.
mai 11, 2023 4:48:11 PM org.openqa.selenium.remote.ProtocolHandshake createSession
INFORMAÇÕES: Detected dialect: W3C
]]></system-err>
  </testcase>
  <testcase name="Given User is logged in" classname="Scenario: order display of products" time="0">
    <system-err><![CDATA[Starting ChromeDriver 113.0.5672.63 (0e1a4471d5ae5bf128b1bd8f4d627c8cbd55f70c-refs/branch-heads/5672@{#912}) on port 11304
Only local connections are allowed.
Please see https://chromedriver.chromium.org/security-considerations for suggestions on keeping ChromeDriver safe.
ChromeDriver was started successfully.
mai 11, 2023 4:48:14 PM org.openqa.selenium.remote.ProtocolHandshake createSession
INFORMAÇÕES: Detected dialect: W3C
]]></system-err>
  </testcase>
  <testcase name="Given User is logged in" classname="Scenario: order display of products" time="0">
    <system-err><![CDATA[Starting ChromeDriver 113.0.5672.63 (0e1a4471d5ae5bf128b1bd8f4d627c8cbd55f70c-refs/branch-heads/5672@{#912}) on port 40219
Only local connections are allowed.
Please see https://chromedriver.chromium.org/security-considerations for suggestions on keeping ChromeDriver safe.
ChromeDriver was started successfully.
mai 11, 2023 4:48:17 PM org.openqa.selenium.remote.ProtocolHandshake createSession
INFORMAÇÕES: Detected dialect: W3C
]]></system-err>
  </testcase>
  <testcase name="And The user can see the products page" classname="Scenario: order display of products" time="0"/>
  <testcase name="And The user can see the products page" classname="Scenario: order display of products" time="0"/>
  <testcase name="And The user can see the products page" classname="Scenario: order display of products" time="0"/>
  <testcase name="And The user can see the products page" classname="Scenario: order display of products" time="0"/>
  <testcase name="When The user click to sort products by Name ascending" classname="Scenario: order display of products" time="0"/>
  <testcase name="Then See the products sorted name ascending" classname="Scenario: order display of products" time="0"/>
  <testcase name="" classname="Scenario: order display of products" time="0"/>
  <testcase name="" classname="Scenario: order display of products" time="0.001"/>
  <testcase name="" classname="Scenario: order display of products" time="0"/>
  <testcase name="" classname="Scenario: order display of products" time="0"/>
  <testcase name="When The user click to sort products by Name descending" classname="Scenario: order display of products" time="0"/>
  <testcase name="Then See the products sorted name descending" classname="Scenario: order display of products" time="0"/>
  <testcase name="When The user click to sort products by Price ascending" classname="Scenario: order display of products" time="0"/>
  <testcase name="Then See the products sorted price ascending" classname="Scenario: order display of products" time="0"/>
  <testcase name="When The user click to sort products by Price descending" classname="Scenario: order display of products" time="0"/>
  <testcase name="Then See the products sorted price descending" classname="Scenario: order display of products" time="0"/>
  <testcase name="Given User is logged in" classname="Scenario: Add products to cart" time="0">
    <system-err><![CDATA[Starting ChromeDriver 113.0.5672.63 (0e1a4471d5ae5bf128b1bd8f4d627c8cbd55f70c-refs/branch-heads/5672@{#912}) on port 12458
Only local connections are allowed.
Please see https://chromedriver.chromium.org/security-considerations for suggestions on keeping ChromeDriver safe.
ChromeDriver was started successfully.
mai 11, 2023 4:48:20 PM org.openqa.selenium.remote.ProtocolHandshake createSession
INFORMAÇÕES: Detected dialect: W3C
]]></system-err>
  </testcase>
  <testcase name="When The user click to add some products to your cart" classname="Scenario: Add products to cart" time="0"/>
  <testcase name="Then The user can see the current amount of products added in the cart icon" classname="Scenario: Add products to cart" time="0"/>
  <testcase name="" classname="Scenario: Add products to cart" time="0"/>
  <testcase name="Given User is logged in" classname="Scenario: Add all products to cart" time="0">
    <system-err><![CDATA[Starting ChromeDriver 113.0.5672.63 (0e1a4471d5ae5bf128b1bd8f4d627c8cbd55f70c-refs/branch-heads/5672@{#912}) on port 23239
Only local connections are allowed.
Please see https://chromedriver.chromium.org/security-considerations for suggestions on keeping ChromeDriver safe.
ChromeDriver was started successfully.
mai 11, 2023 4:48:23 PM org.openqa.selenium.remote.ProtocolHandshake createSession
INFORMAÇÕES: Detected dialect: W3C
]]></system-err>
  </testcase>
  <testcase name="When The user click to add all products to your cart" classname="Scenario: Add all products to cart" time="0"/>
  <testcase name="Then The user can see the current amount of products added in the cart icon" classname="Scenario: Add all products to cart" time="0"/>
  <testcase name="" classname="Scenario: Add all products to cart" time="0"/>
  <testcase name="Given User is logged in" classname="Scenario: Remove some products to cart" time="0">
    <system-err><![CDATA[Starting ChromeDriver 113.0.5672.63 (0e1a4471d5ae5bf128b1bd8f4d627c8cbd55f70c-refs/branch-heads/5672@{#912}) on port 36561
Only local connections are allowed.
Please see https://chromedriver.chromium.org/security-considerations for suggestions on keeping ChromeDriver safe.
ChromeDriver was started successfully.
mai 11, 2023 4:48:27 PM org.openqa.selenium.remote.ProtocolHandshake createSession
INFORMAÇÕES: Detected dialect: W3C
]]></system-err>
  </testcase>
  <testcase name="And The user click to add some products to your cart" classname="Scenario: Remove some products to cart" time="0"/>
  <testcase name="And The user can see the button to remove the added product" classname="Scenario: Remove some products to cart" time="0"/>
  <testcase name="And The user can see the amount of products added in the cart icon" classname="Scenario: Remove some products to cart" time="0"/>
  <testcase name="When The user click to remove some products" classname="Scenario: Remove some products to cart" time="0.009">
    <error message="bound must be positive" type="java.lang.IllegalArgumentException"><![CDATA[java.lang.IllegalArgumentException: bound must be positive
]]></error>
  </testcase>
  <testcase name="" classname="Scenario: Remove some products to cart" time="0.01">
    <error message="bound must be positive" type="java.lang.IllegalArgumentException"><![CDATA[java.lang.IllegalArgumentException: bound must be positive
]]></error>
  </testcase>
  <testcase name="Then The user can see the current amount of products added in the cart icon" classname="Scenario: Remove some products to cart" time="0">
    <skipped/>
  </testcase>
  <testcase name="Given User is logged in" classname="Scenario: Remove All products to cart" time="0">
    <system-err><![CDATA[Starting ChromeDriver 113.0.5672.63 (0e1a4471d5ae5bf128b1bd8f4d627c8cbd55f70c-refs/branch-heads/5672@{#912}) on port 32994
Only local connections are allowed.
Please see https://chromedriver.chromium.org/security-considerations for suggestions on keeping ChromeDriver safe.
ChromeDriver was started successfully.
mai 11, 2023 4:48:30 PM org.openqa.selenium.remote.ProtocolHandshake createSession
INFORMAÇÕES: Detected dialect: W3C
]]></system-err>
  </testcase>
  <testcase name="And The user click to add some products to your cart" classname="Scenario: Remove All products to cart" time="0.001"/>
  <testcase name="And The user can see the button to remove the added product" classname="Scenario: Remove All products to cart" time="0"/>
  <testcase name="And The user can see the amount of products added in the cart icon" classname="Scenario: Remove All products to cart" time="0"/>
  <testcase name="When The user click to remove all products" classname="Scenario: Remove All products to cart" time="0"/>
  <testcase name="Then The user can see the current amount of products added in the cart icon" classname="Scenario: Remove All products to cart" time="0"/>
  <testcase name="" classname="Scenario: Remove All products to cart" time="0"/>
</testsuite>